invenbase-android/app/build/intermediates/manifest_merge_blame_file/debug/manifest-merger-blame-debug-report.txt
1<?xml version="1.0" encoding="utf-8"?>
2<manifest xmlns:android="http://schemas.android.com/apk/res/android"
3    package="com.invenbase.app"
4    android:versionCode="1"
5    android:versionName="1.0.0" >
6
7    <uses-sdk
8        android:minSdkVersion="24"
9        android:targetSdkVersion="34" />
10
11    <uses-permission android:name="android.permission.INTERNET" />
11-->src\main\AndroidManifest.xml:5:5-67
11-->src\main\AndroidManifest.xml:5:22-64
12    <uses-permission android:name="android.permission.ACCESS_NETWORK_STATE" />
12-->src\main\AndroidManifest.xml:6:5-79
12-->src\main\AndroidManifest.xml:6:22-76
13    <uses-permission android:name="android.permission.CAMERA" />
13-->src\main\AndroidManifest.xml:7:5-65
13-->src\main\AndroidManifest.xml:7:22-62
14    <uses-permission android:name="android.permission.POST_NOTIFICATIONS" />
14-->src\main\AndroidManifest.xml:8:5-77
14-->src\main\AndroidManifest.xml:8:22-74
15    <uses-permission android:name="android.permission.VIBRATE" />
15-->src\main\AndroidManifest.xml:9:5-66
15-->src\main\AndroidManifest.xml:9:22-63
16
17    <uses-feature
17-->src\main\AndroidManifest.xml:10:5-85
18        android:name="android.hardware.camera"
18-->src\main\AndroidManifest.xml:10:19-57
19        android:required="false" />
19-->src\main\AndroidManifest.xml:10:58-82
20    <uses-feature
20-->src\main\AndroidManifest.xml:11:5-95
21        android:name="android.hardware.camera.autofocus"
21-->src\main\AndroidManifest.xml:11:19-67
22        android:required="false" />
22-->src\main\AndroidManifest.xml:11:68-92
23    <uses-feature
23-->[com.journeyapps:zxing-android-embedded:4.3.0] AndroidManifest.xml:28:5-30:36
24        android:name="android.hardware.camera.front"
24-->[com.journeyapps:zxing-android-embedded:4.3.0] AndroidManifest.xml:29:9-53
25        android:required="false" />
25-->[com.journeyapps:zxing-android-embedded:4.3.0] AndroidManifest.xml:30:9-33
26    <uses-feature
26-->[com.journeyapps:zxing-android-embedded:4.3.0] AndroidManifest.xml:36:5-38:36
27        android:name="android.hardware.camera.flash"
27-->[com.journeyapps:zxing-android-embedded:4.3.0] AndroidManifest.xml:37:9-53
28        android:required="false" />
28-->[com.journeyapps:zxing-android-embedded:4.3.0] AndroidManifest.xml:38:9-33
29    <uses-feature
29-->[com.journeyapps:zxing-android-embedded:4.3.0] AndroidManifest.xml:39:5-41:36
30        android:name="android.hardware.screen.landscape"
30-->[com.journeyapps:zxing-android-embedded:4.3.0] AndroidManifest.xml:40:9-57
31        android:required="false" />
31-->[com.journeyapps:zxing-android-embedded:4.3.0] AndroidManifest.xml:41:9-33
32    <uses-feature
32-->[com.journeyapps:zxing-android-embedded:4.3.0] AndroidManifest.xml:42:5-44:36
33        android:name="android.hardware.wifi"
33-->[com.journeyapps:zxing-android-embedded:4.3.0] AndroidManifest.xml:43:9-45
34        android:required="false" />
34-->[com.journeyapps:zxing-android-embedded:4.3.0] AndroidManifest.xml:44:9-33
35
36    <uses-permission android:name="android.permission.WAKE_LOCK" /> <!-- Required by older versions of Google Play services to create IID tokens -->
36-->[com.google.firebase:firebase-messaging:23.4.0] AndroidManifest.xml:24:5-68
36-->[com.google.firebase:firebase-messaging:23.4.0] AndroidManifest.xml:24:22-65
37    <uses-permission android:name="com.google.android.c2dm.permission.RECEIVE" />
37-->[com.google.firebase:firebase-messaging:23.4.0] AndroidManifest.xml:26:5-82
37-->[com.google.firebase:firebase-messaging:23.4.0] AndroidManifest.xml:26:22-79
38    <uses-permission android:name="com.google.android.finsky.permission.BIND_GET_INSTALL_REFERRER_SERVICE" />
38-->[com.google.android.gms:play-services-measurement:21.5.0] AndroidManifest.xml:26:5-110
38-->[com.google.android.gms:play-services-measurement:21.5.0] AndroidManifest.xml:26:22-107
39    <uses-permission android:name="com.google.android.gms.permission.AD_ID" />
39-->[com.google.android.gms:play-services-measurement-api:21.5.0] AndroidManifest.xml:25:5-79
39-->[com.google.android.gms:play-services-measurement-api:21.5.0] AndroidManifest.xml:25:22-76
40    <uses-permission android:name="android.permission.ACCESS_ADSERVICES_ATTRIBUTION" />
40-->[com.google.android.gms:play-services-measurement-api:21.5.0] AndroidManifest.xml:26:5-88
40-->[com.google.android.gms:play-services-measurement-api:21.5.0] AndroidManifest.xml:26:22-85
41    <uses-permission android:name="android.permission.ACCESS_ADSERVICES_AD_ID" />
41-->[com.google.android.gms:play-services-measurement-api:21.5.0] AndroidManifest.xml:27:5-82
41-->[com.google.android.gms:play-services-measurement-api:21.5.0] AndroidManifest.xml:27:22-79
42
43    <permission
43-->[androidx.core:core:1.9.0] AndroidManifest.xml:22:5-24:47
44        android:name="com.invenbase.app.DYNAMIC_RECEIVER_NOT_EXPORTED_PERMISSION"
44-->[androidx.core:core:1.9.0] AndroidManifest.xml:23:9-81
45        android:protectionLevel="signature" />
45-->[androidx.core:core:1.9.0] AndroidManifest.xml:24:9-44
46
47    <uses-permission android:name="com.invenbase.app.DYNAMIC_RECEIVER_NOT_EXPORTED_PERMISSION" />
47-->[androidx.core:core:1.9.0] AndroidManifest.xml:26:5-97
47-->[androidx.core:core:1.9.0] AndroidManifest.xml:26:22-94
48
49    <application
49-->src\main\AndroidManifest.xml:13:5-93:19
50        android:name="com.invenbase.app.InvenBaseApplication"
50-->src\main\AndroidManifest.xml:14:9-45
51        android:allowBackup="true"
51-->src\main\AndroidManifest.xml:15:9-35
52        android:appComponentFactory="androidx.core.app.CoreComponentFactory"
52-->[androidx.core:core:1.9.0] AndroidManifest.xml:28:18-86
53        android:dataExtractionRules="@xml/data_extraction_rules"
53-->src\main\AndroidManifest.xml:16:9-65
54        android:debuggable="true"
55        android:extractNativeLibs="false"
56        android:fullBackupContent="@xml/backup_rules"
56-->src\main\AndroidManifest.xml:17:9-54
57        android:icon="@drawable/app_icon_logo"
57-->src\main\AndroidManifest.xml:18:9-47
58        android:label="@string/app_name"
58-->src\main\AndroidManifest.xml:19:9-41
59        android:roundIcon="@drawable/app_icon_logo"
59-->src\main\AndroidManifest.xml:20:9-52
60        android:supportsRtl="true"
60-->src\main\AndroidManifest.xml:21:9-35
61        android:testOnly="true"
62        android:theme="@style/Theme.InvenBase"
62-->src\main\AndroidManifest.xml:22:9-47
63        android:usesCleartextTraffic="true" >
63-->src\main\AndroidManifest.xml:23:9-44
64        <service
64-->src\main\AndroidManifest.xml:26:9-32:19
65            android:name="com.invenbase.app.MyFirebaseMessagingService"
65-->src\main\AndroidManifest.xml:27:13-55
66            android:exported="false" >
66-->src\main\AndroidManifest.xml:28:13-37
67            <intent-filter>
67-->src\main\AndroidManifest.xml:29:13-31:29
68                <action android:name="com.google.firebase.MESSAGING_EVENT" />
68-->src\main\AndroidManifest.xml:30:17-78
68-->src\main\AndroidManifest.xml:30:25-75
69            </intent-filter>
70        </service>
71
72        <activity
72-->src\main\AndroidManifest.xml:34:9-42:20
73            android:name="com.invenbase.app.LoginActivity"
73-->src\main\AndroidManifest.xml:35:13-42
74            android:exported="true"
74-->src\main\AndroidManifest.xml:36:13-36
75            android:theme="@style/Theme.InvenBase" >
75-->src\main\AndroidManifest.xml:37:13-51
76            <intent-filter>
76-->src\main\AndroidManifest.xml:38:13-41:29
77                <action android:name="android.intent.action.MAIN" />
77-->src\main\AndroidManifest.xml:39:17-69
77-->src\main\AndroidManifest.xml:39:25-66
78
79                <category android:name="android.intent.category.LAUNCHER" />
79-->src\main\AndroidManifest.xml:40:17-77
79-->src\main\AndroidManifest.xml:40:27-74
80            </intent-filter>
81        </activity>
82        <activity
82-->src\main\AndroidManifest.xml:44:9-47:54
83            android:name="com.invenbase.app.MainActivity"
83-->src\main\AndroidManifest.xml:45:13-41
84            android:exported="false"
84-->src\main\AndroidManifest.xml:46:13-37
85            android:theme="@style/Theme.InvenBase" />
85-->src\main\AndroidManifest.xml:47:13-51
86        <activity
86-->src\main\AndroidManifest.xml:49:9-52:54
87            android:name="com.invenbase.app.EquipmentDetailActivity"
87-->src\main\AndroidManifest.xml:50:13-52
88            android:exported="false"
88-->src\main\AndroidManifest.xml:51:13-37
89            android:theme="@style/Theme.InvenBase" />
89-->src\main\AndroidManifest.xml:52:13-51
90        <activity
90-->src\main\AndroidManifest.xml:54:9-57:54
91            android:name="com.invenbase.app.CartActivity"
91-->src\main\AndroidManifest.xml:55:13-41
92            android:exported="false"
92-->src\main\AndroidManifest.xml:56:13-37
93            android:theme="@style/Theme.InvenBase" />
93-->src\main\AndroidManifest.xml:57:13-51
94        <activity
94-->src\main\AndroidManifest.xml:59:9-62:54
95            android:name="com.invenbase.app.BookingFormActivity"
95-->src\main\AndroidManifest.xml:60:13-48
96            android:exported="false"
96-->src\main\AndroidManifest.xml:61:13-37
97            android:theme="@style/Theme.InvenBase" />
97-->src\main\AndroidManifest.xml:62:13-51
98        <activity
98-->src\main\AndroidManifest.xml:64:9-67:54
99            android:name="com.invenbase.app.NotificationsActivity"
99-->src\main\AndroidManifest.xml:65:13-50
100            android:exported="false"
100-->src\main\AndroidManifest.xml:66:13-37
101            android:theme="@style/Theme.InvenBase" />
101-->src\main\AndroidManifest.xml:67:13-51
102        <activity
102-->src\main\AndroidManifest.xml:69:9-72:54
103            android:name="com.invenbase.app.CategoriesActivity"
103-->src\main\AndroidManifest.xml:70:13-47
104            android:exported="false"
104-->src\main\AndroidManifest.xml:71:13-37
105            android:theme="@style/Theme.InvenBase" />
105-->src\main\AndroidManifest.xml:72:13-51
106        <activity
106-->src\main\AndroidManifest.xml:74:9-77:54
107            android:name="com.invenbase.app.UsersActivity"
107-->src\main\AndroidManifest.xml:75:13-42
108            android:exported="false"
108-->src\main\AndroidManifest.xml:76:13-37
109            android:theme="@style/Theme.InvenBase" />
109-->src\main\AndroidManifest.xml:77:13-51
110        <activity
110-->src\main\AndroidManifest.xml:79:9-82:54
111            android:name="com.invenbase.app.ReportsActivity"
111-->src\main\AndroidManifest.xml:80:13-44
112            android:exported="false"
112-->src\main\AndroidManifest.xml:81:13-37
113            android:theme="@style/Theme.InvenBase" />
113-->src\main\AndroidManifest.xml:82:13-51
114        <activity
114-->src\main\AndroidManifest.xml:84:9-87:54
115            android:name="com.invenbase.app.LogsActivity"
115-->src\main\AndroidManifest.xml:85:13-41
116            android:exported="false"
116-->src\main\AndroidManifest.xml:86:13-37
117            android:theme="@style/Theme.InvenBase" />
117-->src\main\AndroidManifest.xml:87:13-51
118        <activity
118-->src\main\AndroidManifest.xml:89:9-92:54
119            android:name="com.invenbase.app.EquipmentFormActivity"
119-->src\main\AndroidManifest.xml:90:13-50
120            android:exported="false"
120-->src\main\AndroidManifest.xml:91:13-37
121            android:theme="@style/Theme.InvenBase" />
121-->src\main\AndroidManifest.xml:92:13-51
122        <activity
122-->[com.journeyapps:zxing-android-embedded:4.3.0] AndroidManifest.xml:47:9-53:63
123            android:name="com.journeyapps.barcodescanner.CaptureActivity"
123-->[com.journeyapps:zxing-android-embedded:4.3.0] AndroidManifest.xml:48:13-74
124            android:clearTaskOnLaunch="true"
124-->[com.journeyapps:zxing-android-embedded:4.3.0] AndroidManifest.xml:49:13-45
125            android:screenOrientation="sensorLandscape"
125-->[com.journeyapps:zxing-android-embedded:4.3.0] AndroidManifest.xml:50:13-56
126            android:stateNotNeeded="true"
126-->[com.journeyapps:zxing-android-embedded:4.3.0] AndroidManifest.xml:51:13-42
127            android:theme="@style/zxing_CaptureTheme"
127-->[com.journeyapps:zxing-android-embedded:4.3.0] AndroidManifest.xml:52:13-54
128            android:windowSoftInputMode="stateAlwaysHidden" />
128-->[com.journeyapps:zxing-android-embedded:4.3.0] AndroidManifest.xml:53:13-60
129
130        <provider
130-->[androidx.emoji2:emoji2:1.2.0] AndroidManifest.xml:24:9-32:20
131            android:name="androidx.startup.InitializationProvider"
131-->[androidx.emoji2:emoji2:1.2.0] AndroidManifest.xml:25:13-67
132            android:authorities="com.invenbase.app.androidx-startup"
132-->[androidx.emoji2:emoji2:1.2.0] AndroidManifest.xml:26:13-68
133            android:exported="false" >
133-->[androidx.emoji2:emoji2:1.2.0] AndroidManifest.xml:27:13-37
134            <meta-data
134-->[androidx.emoji2:emoji2:1.2.0] AndroidManifest.xml:29:13-31:52
135                android:name="androidx.emoji2.text.EmojiCompatInitializer"
135-->[androidx.emoji2:emoji2:1.2.0] AndroidManifest.xml:30:17-75
136                android:value="androidx.startup" />
136-->[androidx.emoji2:emoji2:1.2.0] AndroidManifest.xml:31:17-49
137            <meta-data
137-->[androidx.lifecycle:lifecycle-process:2.6.2] AndroidManifest.xml:29:13-31:52
138                android:name="androidx.lifecycle.ProcessLifecycleInitializer"
138-->[androidx.lifecycle:lifecycle-process:2.6.2] AndroidManifest.xml:30:17-78
139                android:value="androidx.startup" />
139-->[androidx.lifecycle:lifecycle-process:2.6.2] AndroidManifest.xml:31:17-49
140            <meta-data
140-->[androidx.profileinstaller:profileinstaller:1.3.0] AndroidManifest.xml:29:13-31:52
141                android:name="androidx.profileinstaller.ProfileInstallerInitializer"
141-->[androidx.profileinstaller:profileinstaller:1.3.0] AndroidManifest.xml:30:17-85
142                android:value="androidx.startup" />
142-->[androidx.profileinstaller:profileinstaller:1.3.0] AndroidManifest.xml:31:17-49
143        </provider>
144
145        <receiver
145-->[com.google.firebase:firebase-messaging:23.4.0] AndroidManifest.xml:29:9-40:20
146            android:name="com.google.firebase.iid.FirebaseInstanceIdReceiver"
146-->[com.google.firebase:firebase-messaging:23.4.0] AndroidManifest.xml:30:13-78
147            android:exported="true"
147-->[com.google.firebase:firebase-messaging:23.4.0] AndroidManifest.xml:31:13-36
148            android:permission="com.google.android.c2dm.permission.SEND" >
148-->[com.google.firebase:firebase-messaging:23.4.0] AndroidManifest.xml:32:13-73
149            <intent-filter>
149-->[com.google.firebase:firebase-messaging:23.4.0] AndroidManifest.xml:33:13-35:29
150                <action android:name="com.google.android.c2dm.intent.RECEIVE" />
150-->[com.google.firebase:firebase-messaging:23.4.0] AndroidManifest.xml:34:17-81
150-->[com.google.firebase:firebase-messaging:23.4.0] AndroidManifest.xml:34:25-78
151            </intent-filter>
152
153            <meta-data
153-->[com.google.firebase:firebase-messaging:23.4.0] AndroidManifest.xml:37:13-39:40
154                android:name="com.google.android.gms.cloudmessaging.FINISHED_AFTER_HANDLED"
154-->[com.google.firebase:firebase-messaging:23.4.0] AndroidManifest.xml:38:17-92
155                android:value="true" />
155-->[com.google.firebase:firebase-messaging:23.4.0] AndroidManifest.xml:39:17-37
156        </receiver>
157        <!--
158             FirebaseMessagingService performs security checks at runtime,
159             but set to not exported to explicitly avoid allowing another app to call it.
160        -->
161        <service
161-->[com.google.firebase:firebase-messaging:23.4.0] AndroidManifest.xml:46:9-53:19
162            android:name="com.google.firebase.messaging.FirebaseMessagingService"
162-->[com.google.firebase:firebase-messaging:23.4.0] AndroidManifest.xml:47:13-82
163            android:directBootAware="true"
163-->[com.google.firebase:firebase-messaging:23.4.0] AndroidManifest.xml:48:13-43
164            android:exported="false" >
164-->[com.google.firebase:firebase-messaging:23.4.0] AndroidManifest.xml:49:13-37
165            <intent-filter android:priority="-500" >
165-->src\main\AndroidManifest.xml:29:13-31:29
166                <action android:name="com.google.firebase.MESSAGING_EVENT" />
166-->src\main\AndroidManifest.xml:30:17-78
166-->src\main\AndroidManifest.xml:30:25-75
167            </intent-filter>
168        </service>
169        <service
169-->[com.google.firebase:firebase-messaging:23.4.0] AndroidManifest.xml:54:9-63:19
170            android:name="com.google.firebase.components.ComponentDiscoveryService"
170-->[com.google.firebase:firebase-messaging:23.4.0] AndroidManifest.xml:55:13-84
171            android:directBootAware="true"
171-->[com.google.firebase:firebase-common:20.4.2] AndroidManifest.xml:32:13-43
172            android:exported="false" >
172-->[com.google.firebase:firebase-messaging:23.4.0] AndroidManifest.xml:56:13-37
173            <meta-data
173-->[com.google.firebase:firebase-messaging:23.4.0] AndroidManifest.xml:57:13-59:85
174                android:name="com.google.firebase.components:com.google.firebase.messaging.FirebaseMessagingKtxRegistrar"
174-->[com.google.firebase:firebase-messaging:23.4.0] AndroidManifest.xml:58:17-122
175                android:value="com.google.firebase.components.ComponentRegistrar" />
175-->[com.google.firebase:firebase-messaging:23.4.0] AndroidManifest.xml:59:17-82
176            <meta-data
176-->[com.google.firebase:firebase-messaging:23.4.0] AndroidManifest.xml:60:13-62:85
177                android:name="com.google.firebase.components:com.google.firebase.messaging.FirebaseMessagingRegistrar"
177-->[com.google.firebase:firebase-messaging:23.4.0] AndroidManifest.xml:61:17-119
178                android:value="com.google.firebase.components.ComponentRegistrar" />
178-->[com.google.firebase:firebase-messaging:23.4.0] AndroidManifest.xml:62:17-82
179            <meta-data
179-->[com.google.android.gms:play-services-measurement-api:21.5.0] AndroidManifest.xml:37:13-39:85
180                android:name="com.google.firebase.components:com.google.firebase.analytics.connector.internal.AnalyticsConnectorRegistrar"
180-->[com.google.android.gms:play-services-measurement-api:21.5.0] AndroidManifest.xml:38:17-139
181                android:value="com.google.firebase.components.ComponentRegistrar" />
181-->[com.google.android.gms:play-services-measurement-api:21.5.0] AndroidManifest.xml:39:17-82
182            <meta-data
182-->[com.google.firebase:firebase-installations:17.2.0] AndroidManifest.xml:15:13-17:85
183                android:name="com.google.firebase.components:com.google.firebase.installations.FirebaseInstallationsKtxRegistrar"
183-->[com.google.firebase:firebase-installations:17.2.0] AndroidManifest.xml:16:17-130
184                android:value="com.google.firebase.components.ComponentRegistrar" />
184-->[com.google.firebase:firebase-installations:17.2.0] AndroidManifest.xml:17:17-82
185            <meta-data
185-->[com.google.firebase:firebase-installations:17.2.0] AndroidManifest.xml:18:13-20:85
186                android:name="com.google.firebase.components:com.google.firebase.installations.FirebaseInstallationsRegistrar"
186-->[com.google.firebase:firebase-installations:17.2.0] AndroidManifest.xml:19:17-127
187                android:value="com.google.firebase.components.ComponentRegistrar" />
187-->[com.google.firebase:firebase-installations:17.2.0] AndroidManifest.xml:20:17-82
188            <meta-data
188-->[com.google.firebase:firebase-common-ktx:20.4.2] AndroidManifest.xml:12:13-14:85
189                android:name="com.google.firebase.components:com.google.firebase.ktx.FirebaseCommonLegacyRegistrar"
189-->[com.google.firebase:firebase-common-ktx:20.4.2] AndroidManifest.xml:13:17-116
190                android:value="com.google.firebase.components.ComponentRegistrar" />
190-->[com.google.firebase:firebase-common-ktx:20.4.2] AndroidManifest.xml:14:17-82
191            <meta-data
191-->[com.google.firebase:firebase-common:20.4.2] AndroidManifest.xml:35:13-37:85
192                android:name="com.google.firebase.components:com.google.firebase.FirebaseCommonKtxRegistrar"
192-->[com.google.firebase:firebase-common:20.4.2] AndroidManifest.xml:36:17-109
193                android:value="com.google.firebase.components.ComponentRegistrar" />
193-->[com.google.firebase:firebase-common:20.4.2] AndroidManifest.xml:37:17-82
194            <meta-data
194-->[com.google.firebase:firebase-datatransport:18.1.7] AndroidManifest.xml:27:13-29:85
195                android:name="com.google.firebase.components:com.google.firebase.datatransport.TransportRegistrar"
195-->[com.google.firebase:firebase-datatransport:18.1.7] AndroidManifest.xml:28:17-115
196                android:value="com.google.firebase.components.ComponentRegistrar" />
196-->[com.google.firebase:firebase-datatransport:18.1.7] AndroidManifest.xml:29:17-82
197        </service>
198
199        <receiver
199-->[com.google.android.gms:play-services-measurement:21.5.0] AndroidManifest.xml:29:9-33:20
200            android:name="com.google.android.gms.measurement.AppMeasurementReceiver"
200-->[com.google.android.gms:play-services-measurement:21.5.0] AndroidManifest.xml:30:13-85
201            android:enabled="true"
201-->[com.google.android.gms:play-services-measurement:21.5.0] AndroidManifest.xml:31:13-35
202            android:exported="false" >
202-->[com.google.android.gms:play-services-measurement:21.5.0] AndroidManifest.xml:32:13-37
203        </receiver>
204
205        <service
205-->[com.google.android.gms:play-services-measurement:21.5.0] AndroidManifest.xml:35:9-38:40
206            android:name="com.google.android.gms.measurement.AppMeasurementService"
206-->[com.google.android.gms:play-services-measurement:21.5.0] AndroidManifest.xml:36:13-84
207            android:enabled="true"
207-->[com.google.android.gms:play-services-measurement:21.5.0] AndroidManifest.xml:37:13-35
208            android:exported="false" />
208-->[com.google.android.gms:play-services-measurement:21.5.0] AndroidManifest.xml:38:13-37
209        <service
209-->[com.google.android.gms:play-services-measurement:21.5.0] AndroidManifest.xml:39:9-43:72
210            android:name="com.google.android.gms.measurement.AppMeasurementJobService"
210-->[com.google.android.gms:play-services-measurement:21.5.0] AndroidManifest.xml:40:13-87
211            android:enabled="true"
211-->[com.google.android.gms:play-services-measurement:21.5.0] AndroidManifest.xml:41:13-35
212            android:exported="false"
212-->[com.google.android.gms:play-services-measurement:21.5.0] AndroidManifest.xml:42:13-37
213            android:permission="android.permission.BIND_JOB_SERVICE" />
213-->[com.google.android.gms:play-services-measurement:21.5.0] AndroidManifest.xml:43:13-69
214
215        <property
215-->[com.google.android.gms:play-services-measurement-api:21.5.0] AndroidManifest.xml:30:9-32:61
216            android:name="android.adservices.AD_SERVICES_CONFIG"
216-->[com.google.android.gms:play-services-measurement-api:21.5.0] AndroidManifest.xml:31:13-65
217            android:resource="@xml/ga_ad_services_config" />
217-->[com.google.android.gms:play-services-measurement-api:21.5.0] AndroidManifest.xml:32:13-58
218
219        <activity
219-->[com.google.android.gms:play-services-base:18.0.1] AndroidManifest.xml:20:9-22:45
220            android:name="com.google.android.gms.common.api.GoogleApiActivity"
220-->[com.google.android.gms:play-services-base:18.0.1] AndroidManifest.xml:20:19-85
221            android:exported="false"
221-->[com.google.android.gms:play-services-base:18.0.1] AndroidManifest.xml:22:19-43
222            android:theme="@android:style/Theme.Translucent.NoTitleBar" />
222-->[com.google.android.gms:play-services-base:18.0.1] AndroidManifest.xml:21:19-78
223
224        <provider
224-->[com.google.firebase:firebase-common:20.4.2] AndroidManifest.xml:23:9-28:39
225            android:name="com.google.firebase.provider.FirebaseInitProvider"
225-->[com.google.firebase:firebase-common:20.4.2] AndroidManifest.xml:24:13-77
226            android:authorities="com.invenbase.app.firebaseinitprovider"
226-->[com.google.firebase:firebase-common:20.4.2] AndroidManifest.xml:25:13-72
227            android:directBootAware="true"
227-->[com.google.firebase:firebase-common:20.4.2] AndroidManifest.xml:26:13-43
228            android:exported="false"
228-->[com.google.firebase:firebase-common:20.4.2] AndroidManifest.xml:27:13-37
229            android:initOrder="100" />
229-->[com.google.firebase:firebase-common:20.4.2] AndroidManifest.xml:28:13-36
230
231        <uses-library
231-->[androidx.privacysandbox.ads:ads-adservices:1.0.0-beta05] AndroidManifest.xml:23:9-25:40
232            android:name="android.ext.adservices"
232-->[androidx.privacysandbox.ads:ads-adservices:1.0.0-beta05] AndroidManifest.xml:24:13-50
233            android:required="false" />
233-->[androidx.privacysandbox.ads:ads-adservices:1.0.0-beta05] AndroidManifest.xml:25:13-37
234        <uses-library
234-->[androidx.window:window:1.0.0] AndroidManifest.xml:25:9-27:40
235            android:name="androidx.window.extensions"
235-->[androidx.window:window:1.0.0] AndroidManifest.xml:26:13-54
236            android:required="false" />
236-->[androidx.window:window:1.0.0] AndroidManifest.xml:27:13-37
237        <uses-library
237-->[androidx.window:window:1.0.0] AndroidManifest.xml:28:9-30:40
238            android:name="androidx.window.sidecar"
238-->[androidx.window:window:1.0.0] AndroidManifest.xml:29:13-51
239            android:required="false" />
239-->[androidx.window:window:1.0.0] AndroidManifest.xml:30:13-37
240
241        <meta-data
241-->[com.google.android.gms:play-services-basement:18.1.0] AndroidManifest.xml:21:9-23:69
242            android:name="com.google.android.gms.version"
242-->[com.google.android.gms:play-services-basement:18.1.0] AndroidManifest.xml:22:13-58
243            android:value="@integer/google_play_services_version" />
243-->[com.google.android.gms:play-services-basement:18.1.0] AndroidManifest.xml:23:13-66
244
245        <service
245-->[com.google.android.datatransport:transport-backend-cct:3.1.8] AndroidManifest.xml:28:9-34:19
246            android:name="com.google.android.datatransport.runtime.backends.TransportBackendDiscovery"
246-->[com.google.android.datatransport:transport-backend-cct:3.1.8] AndroidManifest.xml:29:13-103
247            android:exported="false" >
247-->[com.google.android.datatransport:transport-backend-cct:3.1.8] AndroidManifest.xml:30:13-37
248            <meta-data
248-->[com.google.android.datatransport:transport-backend-cct:3.1.8] AndroidManifest.xml:31:13-33:39
249                android:name="backend:com.google.android.datatransport.cct.CctBackendFactory"
249-->[com.google.android.datatransport:transport-backend-cct:3.1.8] AndroidManifest.xml:32:17-94
250                android:value="cct" />
250-->[com.google.android.datatransport:transport-backend-cct:3.1.8] AndroidManifest.xml:33:17-36
251        </service>
252        <service
252-->[com.google.android.datatransport:transport-runtime:3.1.8] AndroidManifest.xml:26:9-30:19
253            android:name="com.google.android.datatransport.runtime.scheduling.jobscheduling.JobInfoSchedulerService"
253-->[com.google.android.datatransport:transport-runtime:3.1.8] AndroidManifest.xml:27:13-117
254            android:exported="false"
254-->[com.google.android.datatransport:transport-runtime:3.1.8] AndroidManifest.xml:28:13-37
255            android:permission="android.permission.BIND_JOB_SERVICE" >
255-->[com.google.android.datatransport:transport-runtime:3.1.8] AndroidManifest.xml:29:13-69
256        </service>
257
258        <receiver
258-->[com.google.android.datatransport:transport-runtime:3.1.8] AndroidManifest.xml:32:9-34:40
259            android:name="com.google.android.datatransport.runtime.scheduling.jobscheduling.AlarmManagerSchedulerBroadcastReceiver"
259-->[com.google.android.datatransport:transport-runtime:3.1.8] AndroidManifest.xml:33:13-132
260            android:exported="false" />
260-->[com.google.android.datatransport:transport-runtime:3.1.8] AndroidManifest.xml:34:13-37
261        <receiver
261-->[androidx.profileinstaller:profileinstaller:1.3.0] AndroidManifest.xml:34:9-52:20
262            android:name="androidx.profileinstaller.ProfileInstallReceiver"
262-->[androidx.profileinstaller:profileinstaller:1.3.0] AndroidManifest.xml:35:13-76
263            android:directBootAware="false"
263-->[androidx.profileinstaller:profileinstaller:1.3.0] AndroidManifest.xml:36:13-44
264            android:enabled="true"
264-->[androidx.profileinstaller:profileinstaller:1.3.0] AndroidManifest.xml:37:13-35
265            android:exported="true"
265-->[androidx.profileinstaller:profileinstaller:1.3.0] AndroidManifest.xml:38:13-36
266            android:permission="android.permission.DUMP" >
266-->[androidx.profileinstaller:profileinstaller:1.3.0] AndroidManifest.xml:39:13-57
267            <intent-filter>
267-->[androidx.profileinstaller:profileinstaller:1.3.0] AndroidManifest.xml:40:13-42:29
268                <action android:name="androidx.profileinstaller.action.INSTALL_PROFILE" />
268-->[androidx.profileinstaller:profileinstaller:1.3.0] AndroidManifest.xml:41:17-91
268-->[androidx.profileinstaller:profileinstaller:1.3.0] AndroidManifest.xml:41:25-88
269            </intent-filter>
270            <intent-filter>
270-->[androidx.profileinstaller:profileinstaller:1.3.0] AndroidManifest.xml:43:13-45:29
271                <action android:name="androidx.profileinstaller.action.SKIP_FILE" />
271-->[androidx.profileinstaller:profileinstaller:1.3.0] AndroidManifest.xml:44:17-85
271-->[androidx.profileinstaller:profileinstaller:1.3.0] AndroidManifest.xml:44:25-82
272            </intent-filter>